Android-PlaneGame-master/app/build/intermediates/manifest_merge_blame_file/debug/manifest-merger-blame-debug-report.txt
1<?xml version="1.0" encoding="utf-8"?>
2<manifest xmlns:android="http://schemas.android.com/apk/res/android"
3    package="com.pg"
4    android:versionCode="1"
5    android:versionName="1.0" >
6
7    <uses-sdk
8        android:minSdkVersion="1"
8-->src/main/AndroidManifest.xml
9        android:targetSdkVersion="1" />
9-->src/main/AndroidManifest.xml
10
11    <application
11-->src/main/AndroidManifest.xml:4:2-13:16
12        android:debuggable="true"
13        android:icon="@drawable/icon"
13-->src/main/AndroidManifest.xml:4:15-44
14        android:label="@string/app_name"
14-->src/main/AndroidManifest.xml:4:45-77
15        android:testOnly="true" >
16        <activity
16-->src/main/AndroidManifest.xml:5:3-11:14
17            android:name="com.pg.MainActivity"
17-->src/main/AndroidManifest.xml:5:13-41
18            android:label="@string/app_name"
18-->src/main/AndroidManifest.xml:5:42-74
19            android:screenOrientation="portrait" >
19-->src/main/AndroidManifest.xml:6:4-40
20            <intent-filter>
20-->src/main/AndroidManifest.xml:7:4-10:20
21                <action android:name="android.intent.action.MAIN" />
21-->src/main/AndroidManifest.xml:8:5-57
21-->src/main/AndroidManifest.xml:8:13-54
22
23                <category android:name="android.intent.category.LAUNCHER" />
23-->src/main/AndroidManifest.xml:9:5-65
23-->src/main/AndroidManifest.xml:9:15-62
24            </intent-filter>
25        </activity>
26    </application>
27
28</manifest>